  BorutaForest.cpp
BorutaForest.cpp(17): warning C4267: "inicjowanie": konwersja z "size_t" do "int", możliwa utrata danych
BorutaForest.cpp(18): warning C4267: "inicjowanie": konwersja z "size_t" do "int", możliwa utrata danych
BorutaForest.cpp(41): warning C4267: "inicjowanie": konwersja z "size_t" do "int", możliwa utrata danych
  KoronackiForest.cpp
KoronackiForest.cpp(30): warning C4267: "inicjowanie": konwersja z "size_t" do "int", możliwa utrata danych
KoronackiForest.cpp(65): warning C4267: "inicjowanie": konwersja z "size_t" do "int", możliwa utrata danych
KoronackiForest.cpp(115): warning C4267: "argument": konwersja z "size_t" do "int", możliwa utrata danych
  main.cpp
  SprintPartition.cpp
  SprintTree.cpp
SprintTree.cpp(246): warning C4244: "inicjowanie": konwersja z "unsigned __int64" do "double", możliwa utrata danych
SprintTree.cpp(247): warning C4244: "inicjowanie": konwersja z "unsigned __int64" do "double", możliwa utrata danych
  Trwa generowanie kodu
c:\users\artur brodzki\projekty\med\med\datatypes.h(28): warning C4715: "DataType::getFileName”: niewszystkie ścieżki kodu zwracają wartość
c:\users\artur brodzki\projekty\med\med\datatypes.h(94): warning C4715: "DataType::getHeaders”: niewszystkie ścieżki kodu zwracają wartość
  1290 of 1303 functions (99.0%) were compiled, the rest were copied from previous compilation.
    12 functions were new in current compilation
    0 functions had inline decision re-evaluated but remain unchanged
  Zakończono generowanie kodu
  MED.vcxproj -> C:\Users\Artur Brodzki\Projekty\MED\x64\Release\MED.exe
